[01:30:30] [ServerMain/INFO]: [bootstrap] Running Java 21 (OpenJDK 64-Bit Server VM 21.0.7+6-Ubuntu-0ubuntu124.04; Ubuntu null) on Linux 6.6.87.2-microsoft-standard-WSL2 (amd64)
[01:30:30] [ServerMain/INFO]: [bootstrap] Loading Paper 1.21.8-10-main@c8a8c0e (2025-07-20T22:11:18Z) for Minecraft 1.21.8
[01:30:31] [ServerMain/INFO]: [PluginInitializerManager] Initializing plugins...
[01:30:31] [ServerMain/INFO]: [PluginInitializerManager] Initialized 0 plugins
[01:30:41] [ServerMain/INFO]: Environment: Environment[sessionHost=https://sessionserver.mojang.com, servicesHost=https://api.minecraftservices.com, name=PROD]
[01:30:47] [ServerMain/INFO]: Loaded 1407 recipes
[01:30:47] [ServerMain/INFO]: Loaded 1520 advancements
[01:30:47] [ServerMain/INFO]: [ca.spottedleaf.dataconverter.minecraft.datatypes.MCTypeRegistry] Initialising converters for DataConverter...
[01:30:49] [ServerMain/INFO]: [ca.spottedleaf.dataconverter.minecraft.datatypes.MCTypeRegistry] Finished initialising converters for DataConverter in 1,550.9ms
[01:30:49] [Server thread/INFO]: Starting minecraft server version 1.21.8
[01:30:49] [Server thread/INFO]: Loading properties
[01:30:49] [Server thread/INFO]: This server is running Paper version 1.21.8-10-main@c8a8c0e (2025-07-20T22:11:18Z) (Implementing API version 1.21.8-R0.1-SNAPSHOT)
[01:30:49] [Server thread/INFO]: [spark] This server bundles the spark profiler. For more information please visit https://docs.papermc.io/paper/profiling
[01:30:49] [Server thread/INFO]: Server Ping Player Sample Count: 12
[01:30:49] [Server thread/INFO]: Using 4 threads for Netty based IO
[01:30:51] [Server thread/INFO]: [MoonriseCommon] Paper is using 3 worker threads, 1 I/O threads
[01:30:51] [Server thread/INFO]: [ChunkTaskScheduler] Chunk system is using population gen parallelism: true
[01:30:52] [Server thread/INFO]: Default game type: SURVIVAL
[01:30:52] [Server thread/INFO]: Generating keypair
[01:30:52] [Server thread/INFO]: Starting Minecraft server on *:25565
[01:30:52] [Server thread/INFO]: Using epoll channel type
[01:30:52] [Server thread/INFO]: Paper: Using libdeflate (Linux x86_64) compression from Velocity.
[01:30:52] [Server thread/INFO]: Paper: Using OpenSSL 3.x.x (Linux x86_64) cipher from Velocity.
[01:30:52] [Server thread/INFO]: Server permissions file permissions.yml is empty, ignoring it
[01:30:52] [Server thread/INFO]: Preparing level "world"
[01:30:53] [Server thread/INFO]: Preparing start region for dimension minecraft:overworld
[01:30:54] [Server thread/INFO]: Preparing spawn area: 0%
[01:30:54] [Server thread/INFO]: Preparing spawn area: 0%
[01:30:54] [Server thread/INFO]: Preparing spawn area: 6%
[01:30:56] [Server thread/INFO]: Preparing spawn area: 6%
[01:30:56] [Server thread/INFO]: Preparing spawn area: 6%
[01:30:56] [Server thread/INFO]: Time elapsed: 2486 ms
[01:30:56] [Server thread/INFO]: Preparing start region for dimension minecraft:the_nether
[01:30:56] [Server thread/INFO]: Preparing spawn area: 0%
[01:30:56] [Server thread/INFO]: Time elapsed: 386 ms
[01:30:56] [Server thread/INFO]: Preparing start region for dimension minecraft:the_end
[01:30:56] [Server thread/INFO]: Preparing spawn area: 0%
[01:30:57] [Server thread/INFO]: Time elapsed: 323 ms
[01:30:57] [Server thread/INFO]: [spark] Starting background profiler...
[01:30:59] [Server thread/INFO]: Done preparing level "world" (5.413s)
[01:30:59] [Server thread/INFO]: Running delayed init tasks
[01:30:59] [Server thread/INFO]: Done (31.559s)! For help, type "help"
[01:32:48] [User Authenticator #0/INFO]: UUID of player StrongMeders is c667a1bb-461a-4a5c-a74d-9785bd8f2e41
[01:32:51] [Server thread/INFO]: StrongMeders joined the game
[01:32:52] [Server thread/INFO]: StrongMeders[/172.21.192.1:64954] logged in with entity id 42 at ([world]9.5, 79.0, -2.5)
[01:34:24] [Server thread/INFO]: Made StrongMeders a server operator
[01:34:37] [Server thread/INFO]: [StrongMeders: Set own game mode to Creative Mode]
[01:35:36] [Server thread/INFO]: StrongMeders lost connection: Disconnected
[01:35:36] [Server thread/INFO]: StrongMeders left the game
[01:35:45] [User Authenticator #1/INFO]: UUID of player StrongMeders is c667a1bb-461a-4a5c-a74d-9785bd8f2e41
[01:35:45] [Server thread/INFO]: StrongMeders joined the game
[01:35:45] [Server thread/INFO]: StrongMeders[/172.21.192.1:65121] logged in with entity id 1577 at ([world]39.16370900282178, 97.0, 11.715174597708367)
[01:35:53] [Server thread/INFO]: StrongMeders lost connection: Disconnected
[01:35:53] [Server thread/INFO]: StrongMeders left the game
[01:36:53] [Server thread/INFO]: Stopping the server
[01:36:53] [Server thread/INFO]: Stopping server
[01:36:53] [Server thread/INFO]: Saving players
[01:36:53] [Server thread/INFO]: Saving worlds
[01:36:53] [Server thread/INFO]: Saving chunks for level 'ServerLevel[world]'/minecraft:overworld
[01:36:53] [Server thread/INFO]: [ChunkHolderManager] Waiting 60s for chunk system to halt for world 'world'
[01:36:53] [Server thread/INFO]: [ChunkHolderManager] Halted chunk system for world 'world'
[01:36:53] [Server thread/INFO]: [ChunkHolderManager] Saving all chunkholders for world 'world'
[01:36:54] [Server thread/INFO]: [ChunkHolderManager] Saved 793 block chunks, 732 entity chunks, 18 poi chunks in world 'world' in 0.97s
[01:36:54] [Server thread/INFO]: [ChunkHolderManager] Waiting 60s for chunk I/O to halt for world 'world'
[01:36:54] [Server thread/INFO]: [ChunkHolderManager] Halted I/O scheduler for world 'world'
[01:36:54] [Server thread/INFO]: Saving chunks for level 'ServerLevel[world_nether]'/minecraft:the_nether
[01:36:54] [Server thread/INFO]: [ChunkHolderManager] Waiting 60s for chunk system to halt for world 'world_nether'
[01:36:54] [Server thread/INFO]: [ChunkHolderManager] Halted chunk system for world 'world_nether'
[01:36:54] [Server thread/INFO]: [ChunkHolderManager] Saving all chunkholders for world 'world_nether'
[01:36:54] [Server thread/INFO]: [ChunkHolderManager] Saved 0 block chunks, 2 entity chunks, 0 poi chunks in world 'world_nether' in 0.01s
[01:36:54] [Server thread/INFO]: [ChunkHolderManager] Waiting 60s for chunk I/O to halt for world 'world_nether'
[01:36:54] [Server thread/INFO]: [ChunkHolderManager] Halted I/O scheduler for world 'world_nether'
[01:36:54] [Server thread/INFO]: Saving chunks for level 'ServerLevel[world_the_end]'/minecraft:the_end
[01:36:54] [Server thread/INFO]: [ChunkHolderManager] Waiting 60s for chunk system to halt for world 'world_the_end'
[01:36:54] [Server thread/INFO]: [ChunkHolderManager] Halted chunk system for world 'world_the_end'
[01:36:54] [Server thread/INFO]: [ChunkHolderManager] Saving all chunkholders for world 'world_the_end'
[01:36:54] [Server thread/INFO]: [ChunkHolderManager] Saved 0 block chunks, 10 entity chunks, 0 poi chunks in world 'world_the_end' in 0.01s
[01:36:54] [Server thread/INFO]: [ChunkHolderManager] Waiting 60s for chunk I/O to halt for world 'world_the_end'
[01:36:54] [Server thread/INFO]: [ChunkHolderManager] Halted I/O scheduler for world 'world_the_end'
[01:36:54] [Server thread/INFO]: ThreadedAnvilChunkStorage (world): All chunks are saved
[01:36:54] [Server thread/INFO]: ThreadedAnvilChunkStorage (DIM-1): All chunks are saved
[01:36:54] [Server thread/INFO]: ThreadedAnvilChunkStorage (DIM1): All chunks are saved
[01:36:54] [Server thread/INFO]: ThreadedAnvilChunkStorage: All dimensions are saved
[01:36:54] [Server thread/INFO]: Waiting for all RegionFile I/O tasks to complete...
[01:36:54] [Server thread/INFO]: All RegionFile I/O tasks to complete
[01:36:54] [Server thread/INFO]: [MoonriseCommon] Awaiting termination of worker pool for up to 60s...
[01:36:54] [Server thread/INFO]: [MoonriseCommon] Awaiting termination of I/O pool for up to 60s...
